<?xml version="1.0" encoding="UTF-8"?>
<testng-results skipped="0" failed="0" ignored="0" total="1" passed="1">
  <reporter-output>
  </reporter-output>
  <suite name="Default suite" duration-ms="79789" started-at="2018-03-26T22:01:21Z" finished-at="2018-03-26T22:02:41Z">
    <groups>
    </groups>
    <test name="Default test" duration-ms="79789" started-at="2018-03-26T22:01:21Z" finished-at="2018-03-26T22:02:41Z">
      <class name="LibraryTest">
        <test-method status="PASS" signature="setUp()[pri:0, instance:LibraryTest@204f30ec]" name="setUp" is-config="true" duration-ms="15892" started-at="2018-03-27T00:01:21Z" finished-at="2018-03-27T00:01:37Z">
          <reporter-output>
          </reporter-output>
        </test-method> <!-- setUp -->
        <test-method status="PASS" signature="CON6911()[pri:0, instance:LibraryTest@204f30ec]" name="CON6911" duration-ms="63866" started-at="2018-03-27T00:01:37Z" finished-at="2018-03-27T00:02:41Z">
          <reporter-output>
          </reporter-output>
        </test-method> <!-- CON6911 -->
      </class> <!-- LibraryTest -->
    </test> <!-- Default test -->
  </suite> <!-- Default suite -->
</testng-results>
